[INFO][server.go:37] 2022/10/01 00:08:47 start listen
[INFO][server.go:46] 2022/10/01 00:09:03 shutting down
[INFO][server.go:37] 2022/10/01 00:09:03 start listen
[INFO][server.go:46] 2022/10/01 00:09:12 shutting down
[INFO][server.go:37] 2022/10/01 00:09:13 start listen
[INFO][server.go:46] 2022/10/01 00:09:31 shutting down
[INFO][server.go:37] 2022/10/01 00:09:32 start listen
[INFO][server.go:46] 2022/10/01 00:09:46 shutting down
[INFO][server.go:37] 2022/10/01 00:09:46 start listen
[INFO][server.go:46] 2022/10/01 00:09:55 shutting down
[INFO][server.go:37] 2022/10/01 00:10:07 start listen
[INFO][server.go:57] 2022/10/01 00:10:13 accepted link
[INFO][server.go:46] 2022/10/01 00:11:04 shutting down
[INFO][handler.go:88] 2022/10/01 00:11:04 handler shutting down
[INFO][handler.go:56] 2022/10/01 00:11:04 connection closed: 127.0.0.1:62957
[INFO][server.go:37] 2022/10/01 00:11:24 start listen
[INFO][server.go:46] 2022/10/01 00:12:19 shutting down
[INFO][server.go:37] 2022/10/01 00:12:21 start listen
[INFO][server.go:57] 2022/10/01 00:12:28 accepted link
[INFO][server.go:46] 2022/10/01 00:14:20 shutting down
[INFO][handler.go:88] 2022/10/01 00:14:20 handler shutting down
[INFO][handler.go:56] 2022/10/01 00:14:20 connection closed: 127.0.0.1:62998
[INFO][server.go:37] 2022/10/01 00:14:21 start listen
[INFO][server.go:46] 2022/10/01 00:14:31 shutting down
[INFO][server.go:37] 2022/10/01 00:14:32 start listen
[INFO][server.go:46] 2022/10/01 00:14:38 shutting down
[INFO][server.go:37] 2022/10/01 00:14:39 start listen
[INFO][server.go:46] 2022/10/01 00:14:51 shutting down
[INFO][server.go:37] 2022/10/01 00:14:51 start listen
[INFO][server.go:46] 2022/10/01 00:15:40 shutting down
[INFO][server.go:37] 2022/10/01 00:15:41 start listen
[INFO][server.go:46] 2022/10/01 00:22:43 shutting down
[INFO][server.go:37] 2022/10/01 00:22:44 start listen
[INFO][server.go:46] 2022/10/01 00:38:20 shutting down
[INFO][server.go:37] 2022/10/01 00:38:22 start listen
[INFO][server.go:46] 2022/10/01 00:38:49 shutting down
[INFO][server.go:37] 2022/10/01 00:38:50 start listen
[INFO][server.go:57] 2022/10/01 00:39:02 accepted link
[INFO][server.go:46] 2022/10/01 00:40:53 shutting down
[INFO][handler.go:88] 2022/10/01 00:40:53 handler shutting down
[INFO][handler.go:56] 2022/10/01 00:40:53 connection closed: 127.0.0.1:63963
[INFO][server.go:37] 2022/10/01 00:40:54 start listen
[INFO][server.go:57] 2022/10/01 00:40:59 accepted link
[INFO][server.go:46] 2022/10/01 00:43:25 shutting down
[INFO][handler.go:88] 2022/10/01 00:43:25 handler shutting down
[INFO][handler.go:56] 2022/10/01 00:43:25 connection closed: 127.0.0.1:63994
[INFO][server.go:37] 2022/10/01 00:43:26 start listen
[INFO][server.go:57] 2022/10/01 00:43:30 accepted link
[INFO][server.go:46] 2022/10/01 00:45:53 shutting down
[INFO][handler.go:88] 2022/10/01 00:45:53 handler shutting down
[INFO][handler.go:56] 2022/10/01 00:45:53 connection closed: 127.0.0.1:64025
[INFO][server.go:37] 2022/10/01 00:45:54 start listen
[INFO][server.go:57] 2022/10/01 00:45:58 accepted link
[INFO][server.go:46] 2022/10/01 00:46:47 shutting down
[INFO][handler.go:89] 2022/10/01 00:46:47 handler shutting down
[INFO][handler.go:57] 2022/10/01 00:46:47 connection closed: 127.0.0.1:64056
[INFO][server.go:37] 2022/10/01 00:46:48 start listen
[INFO][server.go:57] 2022/10/01 00:46:52 accepted link
[INFO][server.go:46] 2022/10/01 00:47:39 shutting down
[INFO][handler.go:89] 2022/10/01 00:47:39 handler shutting down
[INFO][handler.go:57] 2022/10/01 00:47:39 connection closed: 127.0.0.1:64067
[INFO][server.go:37] 2022/10/01 00:47:40 start listen
[INFO][server.go:57] 2022/10/01 00:47:44 accepted link
[INFO][server.go:46] 2022/10/01 00:48:36 shutting down
[INFO][handler.go:90] 2022/10/01 00:48:36 handler shutting down
[INFO][handler.go:58] 2022/10/01 00:48:36 connection closed: 127.0.0.1:64076
[INFO][server.go:37] 2022/10/01 00:48:37 start listen
[INFO][server.go:57] 2022/10/01 00:48:40 accepted link
[INFO][server.go:46] 2022/10/01 00:48:58 shutting down
[INFO][handler.go:90] 2022/10/01 00:48:58 handler shutting down
[INFO][handler.go:58] 2022/10/01 00:48:58 connection closed: 127.0.0.1:64083
[INFO][server.go:37] 2022/10/01 00:48:59 start listen
[INFO][server.go:57] 2022/10/01 00:49:02 accepted link
[INFO][server.go:46] 2022/10/01 00:49:28 shutting down
[INFO][handler.go:90] 2022/10/01 00:49:28 handler shutting down
[INFO][handler.go:58] 2022/10/01 00:49:28 connection closed: 127.0.0.1:64088
[INFO][server.go:37] 2022/10/01 00:49:29 start listen
[INFO][server.go:57] 2022/10/01 00:49:32 accepted link
[INFO][server.go:46] 2022/10/01 00:50:04 shutting down
[INFO][handler.go:90] 2022/10/01 00:50:04 handler shutting down
[INFO][handler.go:58] 2022/10/01 00:50:04 connection closed: 127.0.0.1:64093
[INFO][server.go:37] 2022/10/01 00:50:05 start listen
[INFO][server.go:57] 2022/10/01 00:50:09 accepted link
[INFO][server.go:46] 2022/10/01 00:56:58 shutting down
[INFO][handler.go:90] 2022/10/01 00:56:58 handler shutting down
[INFO][handler.go:58] 2022/10/01 00:56:58 connection closed: 127.0.0.1:64100
[INFO][server.go:37] 2022/10/01 00:56:59 start listen
[INFO][server.go:46] 2022/10/01 00:57:34 shutting down
[INFO][server.go:37] 2022/10/01 00:57:35 start listen
[INFO][server.go:46] 2022/10/01 00:59:10 shutting down
[INFO][server.go:37] 2022/10/01 00:59:10 start listen
[INFO][server.go:46] 2022/10/01 00:59:36 shutting down
[INFO][server.go:37] 2022/10/01 00:59:37 start listen
[INFO][server.go:46] 2022/10/01 00:59:46 shutting down
[INFO][server.go:37] 2022/10/01 00:59:46 start listen
[INFO][server.go:46] 2022/10/01 01:00:43 shutting down
[INFO][server.go:37] 2022/10/01 01:00:44 start listen
[INFO][server.go:46] 2022/10/01 12:34:08 shutting down
[INFO][server.go:37] 2022/10/01 12:34:09 start listen
[INFO][server.go:46] 2022/10/01 12:34:39 shutting down
[INFO][server.go:37] 2022/10/01 12:34:39 start listen
[INFO][server.go:57] 2022/10/01 12:34:54 accepted link
[INFO][server.go:46] 2022/10/01 12:35:33 shutting down
[INFO][handler.go:88] 2022/10/01 12:35:33 handler shutting down
[INFO][handler.go:56] 2022/10/01 12:35:33 connection closed: 127.0.0.1:55047
[INFO][server.go:37] 2022/10/01 12:35:34 start listen
[INFO][server.go:57] 2022/10/01 12:35:37 accepted link
[INFO][server.go:46] 2022/10/01 12:36:47 shutting down
[INFO][handler.go:88] 2022/10/01 12:36:47 handler shutting down
[INFO][handler.go:56] 2022/10/01 12:36:47 connection closed: 127.0.0.1:55060
[INFO][server.go:37] 2022/10/01 12:36:48 start listen
[INFO][server.go:57] 2022/10/01 12:36:52 accepted link
[INFO][server.go:46] 2022/10/01 12:37:36 shutting down
[INFO][handler.go:88] 2022/10/01 12:37:36 handler shutting down
[INFO][handler.go:56] 2022/10/01 12:37:36 connection closed: 127.0.0.1:55079
[INFO][server.go:37] 2022/10/01 12:37:36 start listen
[INFO][server.go:57] 2022/10/01 12:37:40 accepted link
[INFO][server.go:46] 2022/10/01 12:38:03 shutting down
[INFO][handler.go:88] 2022/10/01 12:38:03 handler shutting down
[INFO][handler.go:56] 2022/10/01 12:38:03 connection closed: 127.0.0.1:55086
[INFO][server.go:37] 2022/10/01 12:38:04 start listen
[INFO][server.go:57] 2022/10/01 12:38:07 accepted link
[INFO][server.go:46] 2022/10/01 12:38:23 shutting down
[INFO][handler.go:88] 2022/10/01 12:38:23 handler shutting down
[INFO][handler.go:56] 2022/10/01 12:38:23 connection closed: 127.0.0.1:55095
[INFO][server.go:37] 2022/10/01 12:38:24 start listen
[INFO][server.go:57] 2022/10/01 12:38:26 accepted link
[INFO][server.go:46] 2022/10/01 13:37:17 shutting down
[INFO][handler.go:88] 2022/10/01 13:37:17 handler shutting down
[INFO][handler.go:56] 2022/10/01 13:37:17 connection closed: 127.0.0.1:55102
[INFO][server.go:37] 2022/10/01 14:24:48 start listen
[INFO][server.go:57] 2022/10/01 14:24:59 accepted link
[ERROR][parser.go:44] 2022/10/01 14:28:11 goroutine 35 [running]:
runtime/debug.Stack()
	/usr/local/go/src/runtime/debug/stack.go:24 +0x88
go-redis/resp/parser.parse0.func1()
	/Users/heping/GolangWorkSpace/go-redis/resp/parser/parser.go:44 +0x38
panic({0x100f85c20, 0x1400001a120})
	/usr/local/go/src/runtime/panic.go:1038 +0x21c
go-redis/resp/parser.parse0({0x101390008, 0x140000a6000}, 0x140000b2000)
	/Users/heping/GolangWorkSpace/go-redis/resp/parser/parser.go:69 +0xa9c
created by go-redis/resp/parser.ParseStream
	/Users/heping/GolangWorkSpace/go-redis/resp/parser/parser.go:37 +0x64

[INFO][server.go:57] 2022/10/01 14:30:02 accepted link
[ERROR][handler.go:75] 2022/10/01 14:30:04 require multi bulk reply
[ERROR][parser.go:44] 2022/10/01 14:30:43 goroutine 9 [running]:
runtime/debug.Stack()
	/usr/local/go/src/runtime/debug/stack.go:24 +0x88
go-redis/resp/parser.parse0.func1()
	/Users/heping/GolangWorkSpace/go-redis/resp/parser/parser.go:44 +0x38
panic({0x100f85c20, 0x1400001a198})
	/usr/local/go/src/runtime/panic.go:1038 +0x21c
go-redis/resp/parser.parse0({0x101390008, 0x14000010010}, 0x14000284060)
	/Users/heping/GolangWorkSpace/go-redis/resp/parser/parser.go:69 +0xa9c
created by go-redis/resp/parser.ParseStream
	/Users/heping/GolangWorkSpace/go-redis/resp/parser/parser.go:37 +0x64

[INFO][server.go:57] 2022/10/01 14:31:10 accepted link
[ERROR][parser.go:44] 2022/10/01 14:31:15 goroutine 11 [running]:
runtime/debug.Stack()
	/usr/local/go/src/runtime/debug/stack.go:24 +0x88
go-redis/resp/parser.parse0.func1()
	/Users/heping/GolangWorkSpace/go-redis/resp/parser/parser.go:44 +0x38
panic({0x100f85c20, 0x1400020e018})
	/usr/local/go/src/runtime/panic.go:1038 +0x21c
go-redis/resp/parser.parse0({0x101390008, 0x14000010020}, 0x140002840c0)
	/Users/heping/GolangWorkSpace/go-redis/resp/parser/parser.go:69 +0xa9c
created by go-redis/resp/parser.ParseStream
	/Users/heping/GolangWorkSpace/go-redis/resp/parser/parser.go:37 +0x64

[INFO][server.go:57] 2022/10/01 14:31:52 accepted link
[INFO][server.go:46] 2022/10/01 14:33:11 shutting down
[INFO][handler.go:88] 2022/10/01 14:33:11 handler shutting down
[INFO][handler.go:56] 2022/10/01 14:33:11 connection closed: 127.0.0.1:56491
[INFO][server.go:37] 2022/10/01 14:35:24 start listen
[INFO][server.go:57] 2022/10/01 14:35:28 accepted link
[ERROR][parser.go:44] 2022/10/01 14:35:44 goroutine 6 [running]:
runtime/debug.Stack()
	/usr/local/go/src/runtime/debug/stack.go:24 +0x88
go-redis/resp/parser.parse0.func1()
	/Users/heping/GolangWorkSpace/go-redis/resp/parser/parser.go:44 +0x38
panic({0x104ff5c20, 0x1400001a108})
	/usr/local/go/src/runtime/panic.go:1038 +0x21c
go-redis/resp/parser.parse0({0x12c009858, 0x14000010050}, 0x14000078120)
	/Users/heping/GolangWorkSpace/go-redis/resp/parser/parser.go:69 +0xa9c
created by go-redis/resp/parser.ParseStream
	/Users/heping/GolangWorkSpace/go-redis/resp/parser/parser.go:37 +0x64

[INFO][server.go:57] 2022/10/01 14:43:54 accepted link
[ERROR][parser.go:44] 2022/10/01 14:43:56 goroutine 8 [running]:
runtime/debug.Stack()
	/usr/local/go/src/runtime/debug/stack.go:24 +0x88
go-redis/resp/parser.parse0.func1()
	/Users/heping/GolangWorkSpace/go-redis/resp/parser/parser.go:44 +0x38
panic({0x104ff5c20, 0x1400001a168})
	/usr/local/go/src/runtime/panic.go:1038 +0x21c
go-redis/resp/parser.parse0({0x12c009858, 0x14000010060}, 0x14000078180)
	/Users/heping/GolangWorkSpace/go-redis/resp/parser/parser.go:69 +0xa9c
created by go-redis/resp/parser.ParseStream
	/Users/heping/GolangWorkSpace/go-redis/resp/parser/parser.go:37 +0x64

[INFO][server.go:57] 2022/10/01 14:53:02 accepted link
[INFO][server.go:46] 2022/10/01 14:53:07 shutting down
[INFO][handler.go:88] 2022/10/01 14:53:07 handler shutting down
[INFO][handler.go:56] 2022/10/01 14:53:07 connection closed: 127.0.0.1:56897
[INFO][server.go:37] 2022/10/01 14:53:14 start listen
[INFO][server.go:46] 2022/10/01 14:53:17 shutting down
[INFO][server.go:37] 2022/10/01 14:53:17 start listen
[INFO][server.go:46] 2022/10/01 14:53:30 shutting down
[INFO][server.go:37] 2022/10/01 14:53:39 start listen
[INFO][server.go:57] 2022/10/01 14:53:49 accepted link
[ERROR][parser.go:45] 2022/10/01 14:53:51 goroutine 9 [running]:
runtime/debug.Stack()
	/usr/local/go/src/runtime/debug/stack.go:24 +0x88
go-redis/resp/parser.parse0.func1()
	/Users/heping/GolangWorkSpace/go-redis/resp/parser/parser.go:45 +0x38
panic({0x1026bdc20, 0x140000ae060})
	/usr/local/go/src/runtime/panic.go:1038 +0x21c
go-redis/resp/parser.parse0({0x1276fb098, 0x14000010058}, 0x14000078300)
	/Users/heping/GolangWorkSpace/go-redis/resp/parser/parser.go:72 +0xb4c
created by go-redis/resp/parser.ParseStream
	/Users/heping/GolangWorkSpace/go-redis/resp/parser/parser.go:38 +0x64

[INFO][server.go:57] 2022/10/01 14:55:14 accepted link
[ERROR][parser.go:45] 2022/10/01 14:55:34 goroutine 11 [running]:
runtime/debug.Stack()
	/usr/local/go/src/runtime/debug/stack.go:24 +0x88
go-redis/resp/parser.parse0.func1()
	/Users/heping/GolangWorkSpace/go-redis/resp/parser/parser.go:45 +0x38
panic({0x1026bdc20, 0x140000ae0c0})
	/usr/local/go/src/runtime/panic.go:1038 +0x21c
go-redis/resp/parser.parse0({0x1276fb098, 0x14000010068}, 0x14000078360)
	/Users/heping/GolangWorkSpace/go-redis/resp/parser/parser.go:72 +0xb4c
created by go-redis/resp/parser.ParseStream
	/Users/heping/GolangWorkSpace/go-redis/resp/parser/parser.go:38 +0x64

[INFO][server.go:46] 2022/10/01 14:56:04 shutting down
[INFO][handler.go:88] 2022/10/01 14:56:04 handler shutting down
[INFO][server.go:37] 2022/10/01 14:56:13 start listen
[INFO][server.go:46] 2022/10/01 14:56:26 shutting down
[INFO][server.go:37] 2022/10/01 14:56:27 start listen
[INFO][server.go:57] 2022/10/01 14:59:20 accepted link
[ERROR][parser.go:44] 2022/10/01 15:01:28 goroutine 8 [running]:
runtime/debug.Stack()
	/usr/local/go/src/runtime/debug/stack.go:24 +0x88
go-redis/resp/parser.parse0.func1()
	/Users/heping/GolangWorkSpace/go-redis/resp/parser/parser.go:44 +0x38
panic({0x100411c20, 0x1400028c048})
	/usr/local/go/src/runtime/panic.go:1038 +0x21c
go-redis/resp/parser.parse0({0x127484ff8, 0x14000010010}, 0x14000204060)
	/Users/heping/GolangWorkSpace/go-redis/resp/parser/parser.go:69 +0xa9c
created by go-redis/resp/parser.ParseStream
	/Users/heping/GolangWorkSpace/go-redis/resp/parser/parser.go:37 +0x64

[INFO][server.go:46] 2022/10/01 15:03:26 shutting down
[INFO][handler.go:88] 2022/10/01 15:03:26 handler shutting down
[INFO][server.go:37] 2022/10/01 22:06:40 start listen
[INFO][server.go:57] 2022/10/01 22:07:06 accepted link
[INFO][server.go:46] 2022/10/01 22:12:01 shutting down
[INFO][handler.go:94] 2022/10/01 22:12:01 handler shutting down
[INFO][handler.go:62] 2022/10/01 22:12:01 connection closed: 127.0.0.1:54362
[ERROR][aof.go:96] 2022/10/01 22:15:21 open appendonly.aof: no such file or directory
[INFO][server.go:37] 2022/10/01 22:15:21 start listen
[INFO][server.go:57] 2022/10/01 22:15:34 accepted link
[INFO][server.go:46] 2022/10/01 22:19:01 shutting down
[INFO][handler.go:94] 2022/10/01 22:19:01 handler shutting down
[INFO][handler.go:62] 2022/10/01 22:19:01 connection closed: 127.0.0.1:54683
[INFO][server.go:37] 2022/10/01 22:19:05 start listen
[INFO][server.go:46] 2022/10/01 22:19:24 shutting down
[INFO][server.go:37] 2022/10/01 22:19:24 start listen
[INFO][server.go:46] 2022/10/01 22:19:38 shutting down
[INFO][server.go:37] 2022/10/01 22:20:15 start listen
[INFO][server.go:57] 2022/10/01 22:20:45 accepted link
[ERROR][client.go:96] 2022/10/01 22:21:47 dial tcp 127.0.0.1:6381: connect: connection refused
[ERROR][client.go:96] 2022/10/01 22:21:47 dial tcp 127.0.0.1:6381: connect: connection refused
[ERROR][client.go:96] 2022/10/01 22:21:47 dial tcp 127.0.0.1:6381: connect: connection refused
[ERROR][client.go:96] 2022/10/01 22:21:49 dial tcp 127.0.0.1:6381: connect: connection refused
[ERROR][client.go:96] 2022/10/01 22:21:49 dial tcp 127.0.0.1:6381: connect: connection refused
[ERROR][client.go:96] 2022/10/01 22:21:49 dial tcp 127.0.0.1:6381: connect: connection refused
[ERROR][client.go:96] 2022/10/01 22:21:57 dial tcp 127.0.0.1:6381: connect: connection refused
[ERROR][client.go:96] 2022/10/01 22:21:57 dial tcp 127.0.0.1:6381: connect: connection refused
[ERROR][client.go:96] 2022/10/01 22:21:57 dial tcp 127.0.0.1:6381: connect: connection refused
[ERROR][client.go:96] 2022/10/01 22:22:07 dial tcp 127.0.0.1:6381: connect: connection refused
[ERROR][client.go:96] 2022/10/01 22:22:07 dial tcp 127.0.0.1:6381: connect: connection refused
[ERROR][client.go:96] 2022/10/01 22:22:07 dial tcp 127.0.0.1:6381: connect: connection refused
[INFO][server.go:46] 2022/10/01 22:22:09 shutting down
[INFO][handler.go:94] 2022/10/01 22:22:09 handler shutting down
[INFO][handler.go:62] 2022/10/01 22:22:09 connection closed: 127.0.0.1:54795
[ERROR][aof.go:96] 2022/10/01 22:22:17 open appendonly.aof: no such file or directory
[INFO][server.go:37] 2022/10/01 22:22:17 start listen
[INFO][server.go:57] 2022/10/01 22:22:30 accepted link
[INFO][server.go:46] 2022/10/01 22:26:02 shutting down
[INFO][handler.go:94] 2022/10/01 22:26:02 handler shutting down
[INFO][handler.go:62] 2022/10/01 22:26:02 connection closed: 127.0.0.1:54826
[ERROR][aof.go:96] 2022/10/01 22:26:39 open appendonly.aof: no such file or directory
[INFO][server.go:37] 2022/10/01 22:26:39 start listen
[INFO][server.go:57] 2022/10/01 22:27:09 accepted link
[INFO][server.go:46] 2022/10/01 22:30:45 shutting down
[INFO][handler.go:94] 2022/10/01 22:30:45 handler shutting down
[INFO][handler.go:62] 2022/10/01 22:30:45 connection closed: 127.0.0.1:54860
[INFO][server.go:37] 2022/10/01 22:31:13 start listen
[INFO][server.go:57] 2022/10/01 22:31:22 accepted link
[INFO][handler.go:62] 2022/10/01 22:32:14 connection closed: 127.0.0.1:54898
[INFO][server.go:46] 2022/10/01 22:32:40 shutting down
[INFO][server.go:37] 2022/10/01 22:39:25 start listen
[INFO][server.go:46] 2022/10/01 22:41:01 shutting down
[INFO][server.go:37] 2022/10/01 22:41:03 start listen
[INFO][server.go:57] 2022/10/01 22:41:44 accepted link
[INFO][server.go:46] 2022/10/01 22:47:03 shutting down
[INFO][handler.go:94] 2022/10/01 22:47:03 handler shutting down
[INFO][handler.go:62] 2022/10/01 22:47:03 connection closed: 127.0.0.1:54986
[ERROR][aof.go:96] 2022/10/01 22:48:17 open appendonly.aof: no such file or directory
[INFO][server.go:37] 2022/10/01 22:48:17 start listen
[INFO][server.go:57] 2022/10/01 22:48:27 accepted link
[INFO][server.go:46] 2022/10/01 22:50:27 shutting down
[INFO][handler.go:94] 2022/10/01 22:50:27 handler shutting down
[INFO][handler.go:62] 2022/10/01 22:50:27 connection closed: 127.0.0.1:55083
[INFO][server.go:37] 2022/10/01 22:50:28 start listen
[INFO][server.go:57] 2022/10/01 22:50:37 accepted link
[INFO][server.go:46] 2022/10/01 22:51:50 shutting down
[INFO][handler.go:94] 2022/10/01 22:51:50 handler shutting down
[INFO][handler.go:62] 2022/10/01 22:51:50 connection closed: 127.0.0.1:55113
[INFO][server.go:37] 2022/10/01 22:51:57 start listen
[INFO][server.go:57] 2022/10/01 22:52:04 accepted link
[INFO][server.go:57] 2022/10/01 22:52:07 accepted link
[INFO][server.go:46] 2022/10/01 22:52:21 shutting down
[INFO][handler.go:94] 2022/10/01 22:52:21 handler shutting down
[INFO][handler.go:62] 2022/10/01 22:52:21 connection closed: 127.0.0.1:55124
[INFO][handler.go:62] 2022/10/01 22:52:21 connection closed: 127.0.0.1:55125
[INFO][server.go:37] 2022/10/01 22:52:24 start listen
[INFO][server.go:46] 2022/10/01 22:52:27 shutting down
[INFO][server.go:37] 2022/10/01 22:52:30 start listen
[INFO][server.go:57] 2022/10/01 22:52:37 accepted link
[INFO][server.go:57] 2022/10/01 22:52:37 accepted link
[INFO][server.go:37] 2022/10/01 22:54:54 start listen
[INFO][server.go:57] 2022/10/01 22:54:56 accepted link
[INFO][server.go:57] 2022/10/01 22:54:57 accepted link
[INFO][server.go:37] 2022/10/01 22:56:51 start listen
[INFO][server.go:57] 2022/10/01 22:56:54 accepted link
[INFO][server.go:57] 2022/10/01 22:56:57 accepted link
[INFO][server.go:37] 2022/10/01 22:57:22 start listen
[INFO][server.go:57] 2022/10/01 22:57:27 accepted link
[INFO][server.go:57] 2022/10/01 22:57:30 accepted link
[INFO][server.go:37] 2022/10/01 22:57:54 start listen
[INFO][server.go:57] 2022/10/01 22:57:57 accepted link
[INFO][server.go:57] 2022/10/01 22:58:07 accepted link
[INFO][server.go:37] 2022/10/01 22:58:16 start listen
[INFO][server.go:57] 2022/10/01 22:58:19 accepted link
[INFO][server.go:37] 2022/10/01 23:02:17 start listen
[INFO][server.go:57] 2022/10/01 23:02:22 accepted link
[INFO][server.go:57] 2022/10/01 23:02:53 accepted link
